<?xml version="1.0" encoding="UTF-8"?>
<testsuite name="RomanNumeralsTest" tests="5" skipped="0" failures="0" errors="0" timestamp="2022-02-24T09:17:33" hostname="DESKTOP-3CGQ06R" time="0.169">
  <properties/>
  <testcase name="toRoman()" classname="RomanNumeralsTest" time="0.12"/>
  <testcase name="product()" classname="RomanNumeralsTest" time="0.005"/>
  <testcase name="toInteger()" classname="RomanNumeralsTest" time="0.005"/>
  <testcase name="summation()" classname="RomanNumeralsTest" time="0.005"/>
  <testcase name="difference()" classname="RomanNumeralsTest" time="0.008"/>
  <system-out><![CDATA[]]></system-out>
  <system-err><![CDATA[]]></system-err>
</testsuite>
